[35m[Appium][39m Welcome to Appium v2.5.1
[35m[Appium][39m Non-default server args:
[35m[Appium][39m { basePath: [32m'/wd/hub'[39m, loglevel: [32m'info'[39m, port: [33m52767[39m }
[35m[Appium][39m Attempting to load driver uiautomator2...
[35m[Appium][39m Attempting to load driver xcuitest...
[35m[Appium][39m Appium REST http interface listener started on http://0.0.0.0:52767/wd/hub
[35m[Appium][39m You can provide the following URLs in your client code to connect to this server:
[35m[Appium][39m 	http://192.168.1.12:52767/wd/hub
[35m[Appium][39m 	http://127.0.0.1:52767/wd/hub (only accessible from the same host)
[35m[Appium][39m 	http://172.25.144.1:52767/wd/hub
[35m[Appium][39m Available drivers:
[35m[Appium][39m   - uiautomator2@3.0.0 (automationName 'UiAutomator2')
[35m[Appium][39m   - xcuitest@7.1.0 (automationName 'XCUITest')
[35m[Appium][39m No plugins have been installed. Use the "appium plugin" command to install the one(s) you want to use.
[38;5;0m[HTTP][0m [37m-->[39m [37mGET[39m [37m/wd/hub/status[39m
[38;5;0m[HTTP][0m [90m{}[39m
[38;5;0m[HTTP][0m [37m<-- GET /wd/hub/status [39m[32m200[39m [90m3 ms - 110[39m
[38;5;0m[HTTP][0m [90m[39m
[38;5;0m[HTTP][0m [37m-->[39m [37mGET[39m [37m/wd/hub/status[39m
[38;5;0m[HTTP][0m [90m{}[39m
[38;5;0m[HTTP][0m [37m<-- GET /wd/hub/status [39m[32m200[39m [90m1 ms - 110[39m
[38;5;0m[HTTP][0m [90m[39m
[38;5;0m[HTTP][0m [37m-->[39m [37mPOST[39m [37m/wd/hub/session[39m
[38;5;0m[HTTP][0m [90m{"desiredCapabilities":{"appium:systemPort":8287,"appium:udid":"RR8N201JL8Z","appium:autoGrantPermissions":true,"appium:newCommandTimeout":1800,"appium:platformName":"ANDROID","appium:appActivity":".Settings","appium:deviceName":"samsung SM-G985F (Android 13)","platformName":"Android","appium:automationName":"uiautomator2","appium:platformVersion":"13","appium:appPackage":"com.android.settings"},"capabilities":{"firstMatch":[{"appium:appActivity":".Settings","appium:appPackage":"com.android.settings","appium:autoGrantPermissions":true,"appium:automationName":"uiautomator2","appium:deviceName":"samsung SM-G985F (Android 13)","appium:newCommandTimeout":1800,"appium:platformName":"ANDROID","appium:platformVersion":"13","appium:systemPort":8287,"appium:udid":"RR8N201JL8Z","platformName":"android"}]}}[39m
[38;5;32m[BaseDriver][0m Ignoring capability 'appium:platformName=ANDROID' and using capability 'platformName=android'
[38;5;32m[BaseDriver][0m The capabilities ["platformName"] are standard capabilities and do not require "appium:" prefix
[35m[Appium][39m Attempting to find matching driver for automationName 'uiautomator2' and platformName 'android'
[35m[Appium][39m The 'uiautomator2' driver was installed and matched caps.
[35m[Appium][39m Will require it at C:\Users\syidi\.appium\node_modules\appium-uiautomator2-driver
[38;5;16m[AppiumDriver@6176][0m Appium v2.5.1 creating new AndroidUiautomator2Driver (v3.0.0) session
[38;5;16m[AppiumDriver@6176][0m Checking BaseDriver versions for Appium and AndroidUiautomator2Driver
[38;5;16m[AppiumDriver@6176][0m Appium's BaseDriver version is 9.5.2
[38;5;16m[AppiumDriver@6176][0m AndroidUiautomator2Driver's BaseDriver version is 9.5.2
[38;5;48m[AndroidUiautomator2Driver@e36a (43570db2)][0m Session created with session id: 43570db2-37dc-47e4-93a4-0a782ba2c2c7
[38;5;64m[ADB][0m Found 1 'build-tools' folders under 'C:\Users\syidi\.katalon\tools\android_sdk' (newest first):
[38;5;64m[ADB][0m     C:\Users\syidi\.katalon\tools\android_sdk\build-tools\29.0.3
[38;5;64m[ADB][0m Using 'adb.exe' from 'C:\Users\syidi\.katalon\tools\android_sdk\platform-tools\adb.exe'
[38;5;48m[AndroidUiautomator2Driver@e36a (43570db2)][0m Retrieving device list
[38;5;48m[AndroidUiautomator2Driver@e36a (43570db2)][0m Using device: RR8N201JL8Z
[38;5;64m[ADB][0m Using 'adb.exe' from 'C:\Users\syidi\.katalon\tools\android_sdk\platform-tools\adb.exe'
[38;5;48m[AndroidUiautomator2Driver@e36a (43570db2)][0m Starting 'com.android.settings' directly on the device
[38;5;64m[ADB][0m Getting device platform version
[38;5;48m[AndroidUiautomator2Driver@e36a (43570db2)][0m Relaxing hidden api policy
[38;5;48m[AndroidUiautomator2Driver@e36a (43570db2)][0m No app sent in, not parsing package/activity
[38;5;64m[ADB][0m Using 'apksigner.jar' from 'C:\Users\syidi\.katalon\tools\android_sdk\build-tools\29.0.3\lib\apksigner.jar'
[38;5;64m[ADB][0m 'C:\Users\syidi\.appium\node_modules\appium-uiautomator2-driver\node_modules\appium-uiautomator2-server\apks\appium-uiautomator2-server-debug-androidTest.apk' is signed with the default certificate
[38;5;64m[ADB][0m 'C:\Users\syidi\.appium\node_modules\appium-uiautomator2-driver\node_modules\appium-uiautomator2-server\apks\appium-uiautomator2-server-v7.0.0.apk' is signed with the default certificate
[38;5;48m[AndroidUiautomator2Driver@e36a (43570db2)][0m Server packages are not going to be (re)installed
[38;5;64m[ADB][0m Adding packages ["io.appium.settings","io.appium.uiautomator2.server","io.appium.uiautomator2.server.test"] to Doze whitelist
[38;5;48m[AndroidUiautomator2Driver@e36a (43570db2)][0m Starting UIAutomator2 server 7.0.0
[38;5;48m[AndroidUiautomator2Driver@e36a (43570db2)][0m Using UIAutomator2 server from 'C:\Users\syidi\.appium\node_modules\appium-uiautomator2-driver\node_modules\appium-uiautomator2-server\apks\appium-uiautomator2-server-v7.0.0.apk' and test from 'C:\Users\syidi\.appium\node_modules\appium-uiautomator2-driver\node_modules\appium-uiautomator2-server\apks\appium-uiautomator2-server-debug-androidTest.apk'
[38;5;48m[AndroidUiautomator2Driver@e36a (43570db2)][0m Waiting up to 30000ms for UiAutomator2 to be online...
[38;5;48m[AndroidUiautomator2Driver@e36a (43570db2)][0m socket hang up
[38;5;48m[AndroidUiautomator2Driver@e36a (43570db2)][0m socket hang up
[38;5;48m[AndroidUiautomator2Driver@e36a (43570db2)][0m Determined the downstream protocol as 'W3C'
[38;5;48m[AndroidUiautomator2Driver@e36a (43570db2)][0m Screen already unlocked, doing nothing
[38;5;48m[AndroidUiautomator2Driver@e36a (43570db2)][0m Starting 'com.android.settings/.Settings and waiting for 'com.android.settings/.Settings'
[38;5;16m[AppiumDriver@6176][0m New AndroidUiautomator2Driver session created successfully, session 43570db2-37dc-47e4-93a4-0a782ba2c2c7 added to master session list
[38;5;0m[HTTP][0m [37m<-- POST /wd/hub/session [39m[32m200[39m [90m5215 ms - 1087[39m
[38;5;0m[HTTP][0m [90m[39m
[38;5;0m[HTTP][0m [37m-->[39m [37mGET[39m [37m/wd/hub/session/43570db2-37dc-47e4-93a4-0a782ba2c2c7[39m
[38;5;0m[HTTP][0m [90m{}[39m
[38;5;0m[HTTP][0m [37m<-- GET /wd/hub/session/43570db2-37dc-47e4-93a4-0a782ba2c2c7 [39m[32m200[39m [90m11 ms - 312[39m
[38;5;0m[HTTP][0m [90m[39m
[38;5;0m[HTTP][0m [37m-->[39m [37mGET[39m [37m/wd/hub/session/43570db2-37dc-47e4-93a4-0a782ba2c2c7[39m
[38;5;0m[HTTP][0m [90m{}[39m
[38;5;0m[HTTP][0m [37m<-- GET /wd/hub/session/43570db2-37dc-47e4-93a4-0a782ba2c2c7 [39m[32m200[39m [90m10 ms - 312[39m
[38;5;0m[HTTP][0m [90m[39m
[38;5;0m[HTTP][0m [37m-->[39m [37mGET[39m [37m/wd/hub/status[39m
[38;5;0m[HTTP][0m [90m{}[39m
[38;5;0m[HTTP][0m [37m<-- GET /wd/hub/status [39m[32m200[39m [90m1 ms - 110[39m
[38;5;0m[HTTP][0m [90m[39m
[38;5;0m[HTTP][0m [37m-->[39m [37mPOST[39m [37m/wd/hub/session/43570db2-37dc-47e4-93a4-0a782ba2c2c7/timeouts[39m
[38;5;0m[HTTP][0m [90m{"implicit":60000}[39m
[38;5;0m[HTTP][0m [37m<-- POST /wd/hub/session/43570db2-37dc-47e4-93a4-0a782ba2c2c7/timeouts [39m[32m200[39m [90m1 ms - 14[39m
[38;5;0m[HTTP][0m [90m[39m
[38;5;0m[HTTP][0m [37m-->[39m [37mGET[39m [37m/wd/hub/session/43570db2-37dc-47e4-93a4-0a782ba2c2c7/appium/device/system_bars[39m
[38;5;0m[HTTP][0m [90m{}[39m
[38;5;0m[HTTP][0m [37m<-- GET /wd/hub/session/43570db2-37dc-47e4-93a4-0a782ba2c2c7/appium/device/system_bars [39m[32m200[39m [90m102 ms - 151[39m
[38;5;0m[HTTP][0m [90m[39m
[38;5;0m[HTTP][0m [37m-->[39m [37mPOST[39m [37m/wd/hub/session/43570db2-37dc-47e4-93a4-0a782ba2c2c7/appium/device/activate_app[39m
[38;5;0m[HTTP][0m [90m{"bundleId":"com.amazon.mShop.android.shopping"}[39m
[38;5;0m[HTTP][0m [37m<-- POST /wd/hub/session/43570db2-37dc-47e4-93a4-0a782ba2c2c7/appium/device/activate_app [39m[32m200[39m [90m194 ms - 14[39m
[38;5;0m[HTTP][0m [90m[39m
[38;5;0m[HTTP][0m [37m-->[39m [37mGET[39m [37m/wd/hub/session/43570db2-37dc-47e4-93a4-0a782ba2c2c7/source[39m
[38;5;0m[HTTP][0m [90m{}[39m
[38;5;48m[AndroidUiautomator2Driver@e36a (43570db2)][0m Driver proxy active, passing request on via HTTP proxy
[38;5;48m[AndroidUiautomator2Driver@e36a (43570db2)][0m Replacing sessionId 0eaee377-0625-4525-8c58-418e687b661e with 43570db2-37dc-47e4-93a4-0a782ba2c2c7
[38;5;0m[HTTP][0m [37m<-- GET /wd/hub/session/43570db2-37dc-47e4-93a4-0a782ba2c2c7/source [39m[32m200[39m [90m1133 ms - 15459[39m
[38;5;0m[HTTP][0m [90m[39m
[38;5;0m[HTTP][0m [37m-->[39m [37mGET[39m [37m/wd/hub/session/43570db2-37dc-47e4-93a4-0a782ba2c2c7/screenshot[39m
[38;5;0m[HTTP][0m [90m{}[39m
[38;5;0m[HTTP][0m [37m<-- GET /wd/hub/session/43570db2-37dc-47e4-93a4-0a782ba2c2c7/screenshot [39m[32m200[39m [90m486 ms - 214224[39m
[38;5;0m[HTTP][0m [90m[39m
[38;5;0m[HTTP][0m [37m-->[39m [37mPOST[39m [37m/wd/hub/session/43570db2-37dc-47e4-93a4-0a782ba2c2c7/elements[39m
[38;5;0m[HTTP][0m [90m{"using":"xpath","value":"//*[@class = 'android.widget.TextView' and (@text = '×' or . = '×') and @resource-id = 'micp-aww-close']"}[39m
[38;5;0m[HTTP][0m [37m<-- POST /wd/hub/session/43570db2-37dc-47e4-93a4-0a782ba2c2c7/elements [39m[32m200[39m [90m910 ms - 139[39m
[38;5;0m[HTTP][0m [90m[39m
[38;5;0m[HTTP][0m [37m-->[39m [37mGET[39m [37m/wd/hub/session/43570db2-37dc-47e4-93a4-0a782ba2c2c7/window/rect[39m
[38;5;0m[HTTP][0m [90m{}[39m
[38;5;0m[HTTP][0m [37m<-- GET /wd/hub/session/43570db2-37dc-47e4-93a4-0a782ba2c2c7/window/rect [39m[32m200[39m [90m12 ms - 50[39m
[38;5;0m[HTTP][0m [90m[39m
[38;5;0m[HTTP][0m [37m-->[39m [37mPOST[39m [37m/wd/hub/session/43570db2-37dc-47e4-93a4-0a782ba2c2c7/elements[39m
[38;5;0m[HTTP][0m [90m{"using":"xpath","value":"//*[@class = 'android.widget.TextView' and (@text = '×' or . = '×') and @resource-id = 'micp-aww-close']"}[39m
[38;5;0m[HTTP][0m [37m<-- POST /wd/hub/session/43570db2-37dc-47e4-93a4-0a782ba2c2c7/elements [39m[32m200[39m [90m159 ms - 139[39m
[38;5;0m[HTTP][0m [90m[39m
[38;5;0m[HTTP][0m [37m-->[39m [37mGET[39m [37m/wd/hub/session/43570db2-37dc-47e4-93a4-0a782ba2c2c7/element/00000000-0000-0d59-0000-003a0000000c/location[39m
[38;5;0m[HTTP][0m [90m{}[39m
[38;5;48m[AndroidUiautomator2Driver@e36a (43570db2)][0m Driver proxy active, passing request on via HTTP proxy
[38;5;48m[AndroidUiautomator2Driver@e36a (43570db2)][0m Replacing sessionId 0eaee377-0625-4525-8c58-418e687b661e with 43570db2-37dc-47e4-93a4-0a782ba2c2c7
[38;5;0m[HTTP][0m [37m<-- GET /wd/hub/session/43570db2-37dc-47e4-93a4-0a782ba2c2c7/element/00000000-0000-0d59-0000-003a0000000c/location [39m[32m200[39m [90m18 ms - 78[39m
[38;5;0m[HTTP][0m [90m[39m
[38;5;0m[HTTP][0m [37m-->[39m [37mPOST[39m [37m/wd/hub/session/43570db2-37dc-47e4-93a4-0a782ba2c2c7/element/00000000-0000-0d59-0000-003a0000000c/click[39m
[38;5;0m[HTTP][0m [90m{"id":"00000000-0000-0d59-0000-003a0000000c"}[39m
[38;5;0m[HTTP][0m [37m<-- POST /wd/hub/session/43570db2-37dc-47e4-93a4-0a782ba2c2c7/element/00000000-0000-0d59-0000-003a0000000c/click [39m[32m200[39m [90m82 ms - 14[39m
[38;5;0m[HTTP][0m [90m[39m
[38;5;0m[HTTP][0m [37m-->[39m [37mGET[39m [37m/wd/hub/session/43570db2-37dc-47e4-93a4-0a782ba2c2c7/source[39m
[38;5;0m[HTTP][0m [90m{}[39m
[38;5;48m[AndroidUiautomator2Driver@e36a (43570db2)][0m Driver proxy active, passing request on via HTTP proxy
[38;5;48m[AndroidUiautomator2Driver@e36a (43570db2)][0m Replacing sessionId 0eaee377-0625-4525-8c58-418e687b661e with 43570db2-37dc-47e4-93a4-0a782ba2c2c7
[38;5;0m[HTTP][0m [37m<-- GET /wd/hub/session/43570db2-37dc-47e4-93a4-0a782ba2c2c7/source [39m[32m200[39m [90m92 ms - 11885[39m
[38;5;0m[HTTP][0m [90m[39m
[38;5;0m[HTTP][0m [37m-->[39m [37mGET[39m [37m/wd/hub/session/43570db2-37dc-47e4-93a4-0a782ba2c2c7/screenshot[39m
[38;5;0m[HTTP][0m [90m{}[39m
[38;5;0m[HTTP][0m [37m<-- GET /wd/hub/session/43570db2-37dc-47e4-93a4-0a782ba2c2c7/screenshot [39m[32m200[39m [90m396 ms - 133876[39m
[38;5;0m[HTTP][0m [90m[39m
[38;5;0m[HTTP][0m [37m-->[39m [37mPOST[39m [37m/wd/hub/session/43570db2-37dc-47e4-93a4-0a782ba2c2c7/elements[39m
[38;5;0m[HTTP][0m [90m{"using":"xpath","value":"//*[@class = 'android.widget.Button' and (@text = 'Use a different account for this app' or . = 'Use a different account for this app') and @resource-id = 'com.amazon.mShop.android.shopping:id/sso_use_different_account']"}[39m
[38;5;0m[HTTP][0m [37m<-- POST /wd/hub/session/43570db2-37dc-47e4-93a4-0a782ba2c2c7/elements [39m[32m200[39m [90m132 ms - 139[39m
[38;5;0m[HTTP][0m [90m[39m
[38;5;0m[HTTP][0m [37m-->[39m [37mGET[39m [37m/wd/hub/session/43570db2-37dc-47e4-93a4-0a782ba2c2c7/window/rect[39m
[38;5;0m[HTTP][0m [90m{}[39m
[38;5;0m[HTTP][0m [37m<-- GET /wd/hub/session/43570db2-37dc-47e4-93a4-0a782ba2c2c7/window/rect [39m[32m200[39m [90m7 ms - 50[39m
[38;5;0m[HTTP][0m [90m[39m
[38;5;0m[HTTP][0m [37m-->[39m [37mPOST[39m [37m/wd/hub/session/43570db2-37dc-47e4-93a4-0a782ba2c2c7/elements[39m
[38;5;0m[HTTP][0m [90m{"using":"xpath","value":"//*[@class = 'android.widget.Button' and (@text = 'Use a different account for this app' or . = 'Use a different account for this app') and @resource-id = 'com.amazon.mShop.android.shopping:id/sso_use_different_account']"}[39m
[38;5;0m[HTTP][0m [37m<-- POST /wd/hub/session/43570db2-37dc-47e4-93a4-0a782ba2c2c7/elements [39m[32m200[39m [90m129 ms - 139[39m
[38;5;0m[HTTP][0m [90m[39m
[38;5;0m[HTTP][0m [37m-->[39m [37mGET[39m [37m/wd/hub/session/43570db2-37dc-47e4-93a4-0a782ba2c2c7/element/00000000-0000-0d5e-ffff-ffff0000002e/location[39m
[38;5;0m[HTTP][0m [90m{}[39m
[38;5;48m[AndroidUiautomator2Driver@e36a (43570db2)][0m Driver proxy active, passing request on via HTTP proxy
[38;5;48m[AndroidUiautomator2Driver@e36a (43570db2)][0m Replacing sessionId 0eaee377-0625-4525-8c58-418e687b661e with 43570db2-37dc-47e4-93a4-0a782ba2c2c7
[38;5;0m[HTTP][0m [37m<-- GET /wd/hub/session/43570db2-37dc-47e4-93a4-0a782ba2c2c7/element/00000000-0000-0d5e-ffff-ffff0000002e/location [39m[32m200[39m [90m14 ms - 77[39m
[38;5;0m[HTTP][0m [90m[39m
[38;5;0m[HTTP][0m [37m-->[39m [37mPOST[39m [37m/wd/hub/session/43570db2-37dc-47e4-93a4-0a782ba2c2c7/element/00000000-0000-0d5e-ffff-ffff0000002e/click[39m
[38;5;0m[HTTP][0m [90m{"id":"00000000-0000-0d5e-ffff-ffff0000002e"}[39m
[38;5;0m[HTTP][0m [37m<-- POST /wd/hub/session/43570db2-37dc-47e4-93a4-0a782ba2c2c7/element/00000000-0000-0d5e-ffff-ffff0000002e/click [39m[32m200[39m [90m46 ms - 14[39m
[38;5;0m[HTTP][0m [90m[39m
[38;5;0m[HTTP][0m [37m-->[39m [37mGET[39m [37m/wd/hub/session/43570db2-37dc-47e4-93a4-0a782ba2c2c7/source[39m
[38;5;0m[HTTP][0m [90m{}[39m
[38;5;48m[AndroidUiautomator2Driver@e36a (43570db2)][0m Driver proxy active, passing request on via HTTP proxy
[38;5;48m[AndroidUiautomator2Driver@e36a (43570db2)][0m Replacing sessionId 0eaee377-0625-4525-8c58-418e687b661e with 43570db2-37dc-47e4-93a4-0a782ba2c2c7
[38;5;0m[HTTP][0m [37m<-- GET /wd/hub/session/43570db2-37dc-47e4-93a4-0a782ba2c2c7/source [39m[32m200[39m [90m795 ms - 17020[39m
[38;5;0m[HTTP][0m [90m[39m
[38;5;0m[HTTP][0m [37m-->[39m [37mGET[39m [37m/wd/hub/session/43570db2-37dc-47e4-93a4-0a782ba2c2c7/screenshot[39m
[38;5;0m[HTTP][0m [90m{}[39m
[38;5;48m[AndroidUiautomator2Driver@e36a (43570db2)][0m Got response with status 500: {"sessionId":"0eaee377-0625-4525-8c58-418e687b661e","value":{"error":"unable to capture screen","message":"Failed to capture a screenshot. Does the current view have 'secure' flag set?","stacktrace":"io.appium.uiautomator2.common.exceptions.TakeScreenshotException: Failed to capture a screenshot. Does the current view have 'secure' flag set?\n\tat io.appium.uiautomator2.utils.ScreenshotHelper.takeDeviceScreenshot(ScreenshotHelper.java:128)\n\tat io.appium.uiautomator2.utils.ScreenshotHelper.takeScreenshot(ScreenshotHelper.java:58)\n\tat io.appium.uiautomator2.utils.ScreenshotHelper.takeScreenshot(ScreenshotHelper.java:75)\n\tat io.appium.uiautomator2.handler.CaptureScreenshot.safeHandle(CaptureScreenshot.java:32)\n\tat io.appium.uiautomator2.handler.request.SafeRequestHandler.handle(SafeRequestHandler.java:59)\n\tat io.appium.uiautomator2.server.AppiumServlet.handleRequest(AppiumServlet.java:259)\n\tat io.appium.uiautomator2.server.AppiumServlet.handleHttpRequest(AppiumServlet.java:253)\n\tat io.appium.uia...
[38;5;0m[HTTP][0m [37m<-- GET /wd/hub/session/43570db2-37dc-47e4-93a4-0a782ba2c2c7/screenshot [39m[31m500[39m [90m162 ms - 4083[39m
[38;5;0m[HTTP][0m [90m[39m
[38;5;0m[HTTP][0m [37m-->[39m [37mDELETE[39m [37m/wd/hub/session/43570db2-37dc-47e4-93a4-0a782ba2c2c7[39m
[38;5;0m[HTTP][0m [90m{}[39m
[38;5;16m[AppiumDriver@6176][0m Removing session 43570db2-37dc-47e4-93a4-0a782ba2c2c7 from our master session list
[38;5;48m[AndroidUiautomator2Driver@e36a (43570db2)][0m Restoring hidden api policy to the device default configuration
[38;5;0m[HTTP][0m [37m<-- DELETE /wd/hub/session/43570db2-37dc-47e4-93a4-0a782ba2c2c7 [39m[32m200[39m [90m280 ms - 14[39m
[38;5;0m[HTTP][0m [90m[39m
