[35m[Appium][39m Welcome to Appium v2.5.1
[35m[Appium][39m Non-default server args:
[35m[Appium][39m { basePath: [32m'/wd/hub'[39m, loglevel: [32m'info'[39m, port: [33m64693[39m }
[35m[Appium][39m Attempting to load driver uiautomator2...
[35m[Appium][39m Attempting to load driver xcuitest...
[35m[Appium][39m Appium REST http interface listener started on http://0.0.0.0:64693/wd/hub
[35m[Appium][39m You can provide the following URLs in your client code to connect to this server:
[35m[Appium][39m 	http://192.168.1.12:64693/wd/hub
[35m[Appium][39m 	http://127.0.0.1:64693/wd/hub (only accessible from the same host)
[35m[Appium][39m 	http://172.23.192.1:64693/wd/hub
[35m[Appium][39m Available drivers:
[35m[Appium][39m   - uiautomator2@3.0.0 (automationName 'UiAutomator2')
[35m[Appium][39m   - xcuitest@7.1.0 (automationName 'XCUITest')
[35m[Appium][39m No plugins have been installed. Use the "appium plugin" command to install the one(s) you want to use.
[38;5;0m[HTTP][0m [37m-->[39m [37mGET[39m [37m/wd/hub/status[39m
[38;5;0m[HTTP][0m [90m{}[39m
[38;5;0m[HTTP][0m [37m<-- GET /wd/hub/status [39m[32m200[39m [90m3 ms - 110[39m
[38;5;0m[HTTP][0m [90m[39m
[38;5;0m[HTTP][0m [37m-->[39m [37mPOST[39m [37m/wd/hub/session[39m
[38;5;0m[HTTP][0m [90m{"desiredCapabilities":{"appium:browserName":"chrome","appium:udid":"RR8N201JL8Z","appium:newCommandTimeout":1800,"appium:goog:chromeOptions":{"args":[],"extensions":[],"w3c":false},"appium:deviceName":"samsung SM-G985F (Android 13)","platformName":"Android","appium:automationName":"uiautomator2","appium:platformVersion":"13"},"capabilities":{"firstMatch":[{"appium:automationName":"uiautomator2","appium:browserName":"chrome","appium:deviceName":"samsung SM-G985F (Android 13)","appium:goog:chromeOptions":{"args":[],"extensions":[],"w3c":false},"appium:newCommandTimeout":1800,"appium:platformVersion":"13","appium:udid":"RR8N201JL8Z","platformName":"android"}]}}[39m
[38;5;32m[BaseDriver][0m The capabilities ["browserName"] are standard capabilities and do not require "appium:" prefix
[35m[Appium][39m Attempting to find matching driver for automationName 'uiautomator2' and platformName 'android'
[35m[Appium][39m The 'uiautomator2' driver was installed and matched caps.
[35m[Appium][39m Will require it at C:\Users\syidi\.appium\node_modules\appium-uiautomator2-driver
[38;5;16m[AppiumDriver@3b05][0m Appium v2.5.1 creating new AndroidUiautomator2Driver (v3.0.0) session
[38;5;16m[AppiumDriver@3b05][0m Checking BaseDriver versions for Appium and AndroidUiautomator2Driver
[38;5;16m[AppiumDriver@3b05][0m Appium's BaseDriver version is 9.5.2
[38;5;16m[AppiumDriver@3b05][0m AndroidUiautomator2Driver's BaseDriver version is 9.5.2
[38;5;48m[AndroidUiautomator2Driver@835d][0m The following provided capabilities were not recognized by this driver:
[38;5;48m[AndroidUiautomator2Driver@835d][0m   goog:chromeOptions
[38;5;48m[AndroidUiautomator2Driver@835d (5f76c397)][0m Session created with session id: 5f76c397-f49e-4832-9a63-442870a60b9f
[38;5;64m[ADB][0m Found 1 'build-tools' folders under 'C:\Users\syidi\.katalon\tools\android_sdk' (newest first):
[38;5;64m[ADB][0m     C:\Users\syidi\.katalon\tools\android_sdk\build-tools\29.0.3
[38;5;64m[ADB][0m Using 'adb.exe' from 'C:\Users\syidi\.katalon\tools\android_sdk\platform-tools\adb.exe'
[38;5;48m[AndroidUiautomator2Driver@835d (5f76c397)][0m Retrieving device list
[38;5;48m[AndroidUiautomator2Driver@835d (5f76c397)][0m Using device: RR8N201JL8Z
[38;5;64m[ADB][0m Using 'adb.exe' from 'C:\Users\syidi\.katalon\tools\android_sdk\platform-tools\adb.exe'
[38;5;48m[AndroidUiautomator2Driver@835d (5f76c397)][0m We're going to run a Chrome-based session
[38;5;64m[ADB][0m Getting device platform version
[38;5;48m[AndroidUiautomator2Driver@835d (5f76c397)][0m Chrome-type package and activity are com.android.chrome and com.android.chrome/com.google.android.apps.chrome.Main
[38;5;48m[AndroidUiautomator2Driver@835d (5f76c397)][0m Starting 'com.android.chrome' directly on the device
[38;5;48m[AndroidUiautomator2Driver@835d (5f76c397)][0m Relaxing hidden api policy
[38;5;48m[AndroidUiautomator2Driver@835d (5f76c397)][0m No app sent in, not parsing package/activity
[38;5;64m[ADB][0m Using 'apksigner.jar' from 'C:\Users\syidi\.katalon\tools\android_sdk\build-tools\29.0.3\lib\apksigner.jar'
[38;5;64m[ADB][0m 'C:\Users\syidi\.appium\node_modules\appium-uiautomator2-driver\node_modules\appium-uiautomator2-server\apks\appium-uiautomator2-server-debug-androidTest.apk' is signed with the default certificate
[38;5;64m[ADB][0m 'C:\Users\syidi\.appium\node_modules\appium-uiautomator2-driver\node_modules\appium-uiautomator2-server\apks\appium-uiautomator2-server-v7.0.0.apk' is signed with the default certificate
[38;5;48m[AndroidUiautomator2Driver@835d (5f76c397)][0m Server packages are not going to be (re)installed
[38;5;64m[ADB][0m Adding packages ["io.appium.settings","io.appium.uiautomator2.server","io.appium.uiautomator2.server.test"] to Doze whitelist
[38;5;48m[AndroidUiautomator2Driver@835d (5f76c397)][0m Starting UIAutomator2 server 7.0.0
[38;5;48m[AndroidUiautomator2Driver@835d (5f76c397)][0m Using UIAutomator2 server from 'C:\Users\syidi\.appium\node_modules\appium-uiautomator2-driver\node_modules\appium-uiautomator2-server\apks\appium-uiautomator2-server-v7.0.0.apk' and test from 'C:\Users\syidi\.appium\node_modules\appium-uiautomator2-driver\node_modules\appium-uiautomator2-server\apks\appium-uiautomator2-server-debug-androidTest.apk'
[38;5;48m[AndroidUiautomator2Driver@835d (5f76c397)][0m Waiting up to 30000ms for UiAutomator2 to be online...
[38;5;48m[AndroidUiautomator2Driver@835d (5f76c397)][0m socket hang up
[38;5;48m[AndroidUiautomator2Driver@835d (5f76c397)][0m socket hang up
[38;5;48m[AndroidUiautomator2Driver@835d (5f76c397)][0m Determined the downstream protocol as 'W3C'
[38;5;48m[AndroidUiautomator2Driver@835d (5f76c397)][0m Screen already unlocked, doing nothing
[38;5;48m[AndroidUiautomator2Driver@835d (5f76c397)][0m Starting a chrome-based browser session
[38;5;48m[AndroidUiautomator2Driver@835d (5f76c397)][0m Merging 'goog:chromeOptions' into 'chromeOptions'. This may cause unexpected behavior
[38;5;48m[AndroidUiautomator2Driver@835d (5f76c397)][0m Restoring hidden api policy to the device default configuration
[38;5;0m[HTTP][0m [37m<-- POST /wd/hub/session [39m[31m500[39m [90m5101 ms - 862[39m
[38;5;0m[HTTP][0m [90m[39m
[38;5;0m[HTTP][0m [37m-->[39m [37mGET[39m [37m/wd/hub/status[39m
[38;5;0m[HTTP][0m [90m{}[39m
[38;5;0m[HTTP][0m [37m<-- GET /wd/hub/status [39m[32m200[39m [90m1 ms - 110[39m
[38;5;0m[HTTP][0m [90m[39m
[38;5;0m[HTTP][0m [37m-->[39m [37mPOST[39m [37m/wd/hub/session[39m
[38;5;0m[HTTP][0m [90m{"desiredCapabilities":{"appium:browserName":"chrome","appium:udid":"RR8N201JL8Z","appium:newCommandTimeout":1800,"appium:goog:chromeOptions":{"args":[],"extensions":[],"w3c":false},"appium:deviceName":"samsung SM-G985F (Android 13)","platformName":"Android","appium:automationName":"uiautomator2","appium:platformVersion":"13"},"capabilities":{"firstMatch":[{"appium:automationName":"uiautomator2","appium:browserName":"chrome","appium:deviceName":"samsung SM-G985F (Android 13)","appium:goog:chromeOptions":{"args":[],"extensions":[],"w3c":false},"appium:newCommandTimeout":1800,"appium:platformVersion":"13","appium:udid":"RR8N201JL8Z","platformName":"android"}]}}[39m
[38;5;32m[BaseDriver][0m The capabilities ["browserName"] are standard capabilities and do not require "appium:" prefix
[35m[Appium][39m Attempting to find matching driver for automationName 'uiautomator2' and platformName 'android'
[35m[Appium][39m The 'uiautomator2' driver was installed and matched caps.
[35m[Appium][39m Will require it at C:\Users\syidi\.appium\node_modules\appium-uiautomator2-driver
[38;5;16m[AppiumDriver@3b05][0m Appium v2.5.1 creating new AndroidUiautomator2Driver (v3.0.0) session
[38;5;16m[AppiumDriver@3b05][0m Checking BaseDriver versions for Appium and AndroidUiautomator2Driver
[38;5;16m[AppiumDriver@3b05][0m Appium's BaseDriver version is 9.5.2
[38;5;16m[AppiumDriver@3b05][0m AndroidUiautomator2Driver's BaseDriver version is 9.5.2
[38;5;48m[AndroidUiautomator2Driver@4d03][0m The following provided capabilities were not recognized by this driver:
[38;5;48m[AndroidUiautomator2Driver@4d03][0m   goog:chromeOptions
[38;5;48m[AndroidUiautomator2Driver@4d03 (8c1c4598)][0m Session created with session id: 8c1c4598-add5-472c-a472-5023a07099ad
[38;5;64m[ADB][0m Using 'adb.exe' from 'C:\Users\syidi\.katalon\tools\android_sdk\platform-tools\adb.exe'
[38;5;48m[AndroidUiautomator2Driver@4d03 (8c1c4598)][0m Retrieving device list
[38;5;48m[AndroidUiautomator2Driver@4d03 (8c1c4598)][0m Using device: RR8N201JL8Z
[38;5;64m[ADB][0m Using 'adb.exe' from 'C:\Users\syidi\.katalon\tools\android_sdk\platform-tools\adb.exe'
[38;5;48m[AndroidUiautomator2Driver@4d03 (8c1c4598)][0m We're going to run a Chrome-based session
[38;5;64m[ADB][0m Getting device platform version
[38;5;48m[AndroidUiautomator2Driver@4d03 (8c1c4598)][0m Chrome-type package and activity are com.android.chrome and com.android.chrome/com.google.android.apps.chrome.Main
[38;5;48m[AndroidUiautomator2Driver@4d03 (8c1c4598)][0m Starting 'com.android.chrome' directly on the device
[38;5;48m[AndroidUiautomator2Driver@4d03 (8c1c4598)][0m Relaxing hidden api policy
[38;5;48m[AndroidUiautomator2Driver@4d03 (8c1c4598)][0m No app sent in, not parsing package/activity
[38;5;48m[AndroidUiautomator2Driver@4d03 (8c1c4598)][0m Server packages are not going to be (re)installed
[38;5;64m[ADB][0m Adding packages ["io.appium.settings","io.appium.uiautomator2.server","io.appium.uiautomator2.server.test"] to Doze whitelist
[38;5;48m[AndroidUiautomator2Driver@4d03 (8c1c4598)][0m Starting UIAutomator2 server 7.0.0
[38;5;48m[AndroidUiautomator2Driver@4d03 (8c1c4598)][0m Using UIAutomator2 server from 'C:\Users\syidi\.appium\node_modules\appium-uiautomator2-driver\node_modules\appium-uiautomator2-server\apks\appium-uiautomator2-server-v7.0.0.apk' and test from 'C:\Users\syidi\.appium\node_modules\appium-uiautomator2-driver\node_modules\appium-uiautomator2-server\apks\appium-uiautomator2-server-debug-androidTest.apk'
[38;5;48m[AndroidUiautomator2Driver@4d03 (8c1c4598)][0m Waiting up to 30000ms for UiAutomator2 to be online...
[38;5;48m[AndroidUiautomator2Driver@4d03 (8c1c4598)][0m socket hang up
[38;5;48m[AndroidUiautomator2Driver@4d03 (8c1c4598)][0m socket hang up
[38;5;48m[AndroidUiautomator2Driver@4d03 (8c1c4598)][0m Determined the downstream protocol as 'W3C'
[38;5;48m[AndroidUiautomator2Driver@4d03 (8c1c4598)][0m Screen already unlocked, doing nothing
[38;5;48m[AndroidUiautomator2Driver@4d03 (8c1c4598)][0m Starting a chrome-based browser session
[38;5;48m[AndroidUiautomator2Driver@4d03 (8c1c4598)][0m Merging 'goog:chromeOptions' into 'chromeOptions'. This may cause unexpected behavior
[38;5;48m[AndroidUiautomator2Driver@4d03 (8c1c4598)][0m Restoring hidden api policy to the device default configuration
[38;5;0m[HTTP][0m [37m<-- POST /wd/hub/session [39m[31m500[39m [90m3618 ms - 862[39m
[38;5;0m[HTTP][0m [90m[39m
[38;5;0m[HTTP][0m [37m-->[39m [37mGET[39m [37m/wd/hub/status[39m
[38;5;0m[HTTP][0m [90m{}[39m
[38;5;0m[HTTP][0m [37m<-- GET /wd/hub/status [39m[32m200[39m [90m1 ms - 110[39m
[38;5;0m[HTTP][0m [90m[39m
[38;5;0m[HTTP][0m [37m-->[39m [37mPOST[39m [37m/wd/hub/session[39m
[38;5;0m[HTTP][0m [90m{"desiredCapabilities":{"appium:browserName":"chrome","appium:udid":"RR8N201JL8Z","appium:newCommandTimeout":1800,"appium:goog:chromeOptions":{"args":[],"extensions":[],"w3c":false},"appium:deviceName":"samsung SM-G985F (Android 13)","platformName":"Android","appium:automationName":"uiautomator2","appium:platformVersion":"13"},"capabilities":{"firstMatch":[{"appium:automationName":"uiautomator2","appium:browserName":"chrome","appium:deviceName":"samsung SM-G985F (Android 13)","appium:goog:chromeOptions":{"args":[],"extensions":[],"w3c":false},"appium:newCommandTimeout":1800,"appium:platformVersion":"13","appium:udid":"RR8N201JL8Z","platformName":"android"}]}}[39m
[38;5;32m[BaseDriver][0m The capabilities ["browserName"] are standard capabilities and do not require "appium:" prefix
[35m[Appium][39m Attempting to find matching driver for automationName 'uiautomator2' and platformName 'android'
[35m[Appium][39m The 'uiautomator2' driver was installed and matched caps.
[35m[Appium][39m Will require it at C:\Users\syidi\.appium\node_modules\appium-uiautomator2-driver
[38;5;16m[AppiumDriver@3b05][0m Appium v2.5.1 creating new AndroidUiautomator2Driver (v3.0.0) session
[38;5;16m[AppiumDriver@3b05][0m Checking BaseDriver versions for Appium and AndroidUiautomator2Driver
[38;5;16m[AppiumDriver@3b05][0m Appium's BaseDriver version is 9.5.2
[38;5;16m[AppiumDriver@3b05][0m AndroidUiautomator2Driver's BaseDriver version is 9.5.2
[38;5;48m[AndroidUiautomator2Driver@8543][0m The following provided capabilities were not recognized by this driver:
[38;5;48m[AndroidUiautomator2Driver@8543][0m   goog:chromeOptions
[38;5;48m[AndroidUiautomator2Driver@8543 (6a53ff5b)][0m Session created with session id: 6a53ff5b-ee4b-4527-8ba9-3b13fc6b9bd9
[38;5;64m[ADB][0m Using 'adb.exe' from 'C:\Users\syidi\.katalon\tools\android_sdk\platform-tools\adb.exe'
[38;5;48m[AndroidUiautomator2Driver@8543 (6a53ff5b)][0m Retrieving device list
[38;5;48m[AndroidUiautomator2Driver@8543 (6a53ff5b)][0m Using device: RR8N201JL8Z
[38;5;64m[ADB][0m Using 'adb.exe' from 'C:\Users\syidi\.katalon\tools\android_sdk\platform-tools\adb.exe'
[38;5;48m[AndroidUiautomator2Driver@8543 (6a53ff5b)][0m We're going to run a Chrome-based session
[38;5;64m[ADB][0m Getting device platform version
[38;5;48m[AndroidUiautomator2Driver@8543 (6a53ff5b)][0m Chrome-type package and activity are com.android.chrome and com.android.chrome/com.google.android.apps.chrome.Main
[38;5;48m[AndroidUiautomator2Driver@8543 (6a53ff5b)][0m Starting 'com.android.chrome' directly on the device
[38;5;48m[AndroidUiautomator2Driver@8543 (6a53ff5b)][0m Relaxing hidden api policy
[38;5;48m[AndroidUiautomator2Driver@8543 (6a53ff5b)][0m No app sent in, not parsing package/activity
[38;5;48m[AndroidUiautomator2Driver@8543 (6a53ff5b)][0m Server packages are not going to be (re)installed
[38;5;64m[ADB][0m Adding packages ["io.appium.settings","io.appium.uiautomator2.server","io.appium.uiautomator2.server.test"] to Doze whitelist
[38;5;48m[AndroidUiautomator2Driver@8543 (6a53ff5b)][0m Starting UIAutomator2 server 7.0.0
[38;5;48m[AndroidUiautomator2Driver@8543 (6a53ff5b)][0m Using UIAutomator2 server from 'C:\Users\syidi\.appium\node_modules\appium-uiautomator2-driver\node_modules\appium-uiautomator2-server\apks\appium-uiautomator2-server-v7.0.0.apk' and test from 'C:\Users\syidi\.appium\node_modules\appium-uiautomator2-driver\node_modules\appium-uiautomator2-server\apks\appium-uiautomator2-server-debug-androidTest.apk'
[38;5;48m[AndroidUiautomator2Driver@8543 (6a53ff5b)][0m Waiting up to 30000ms for UiAutomator2 to be online...
[38;5;48m[AndroidUiautomator2Driver@8543 (6a53ff5b)][0m socket hang up
[38;5;48m[AndroidUiautomator2Driver@8543 (6a53ff5b)][0m socket hang up
[38;5;48m[AndroidUiautomator2Driver@8543 (6a53ff5b)][0m Determined the downstream protocol as 'W3C'
[38;5;48m[AndroidUiautomator2Driver@8543 (6a53ff5b)][0m Screen already unlocked, doing nothing
[38;5;48m[AndroidUiautomator2Driver@8543 (6a53ff5b)][0m Starting a chrome-based browser session
[38;5;48m[AndroidUiautomator2Driver@8543 (6a53ff5b)][0m Merging 'goog:chromeOptions' into 'chromeOptions'. This may cause unexpected behavior
[38;5;48m[AndroidUiautomator2Driver@8543 (6a53ff5b)][0m Restoring hidden api policy to the device default configuration
[38;5;0m[HTTP][0m [37m<-- POST /wd/hub/session [39m[31m500[39m [90m3768 ms - 862[39m
[38;5;0m[HTTP][0m [90m[39m
[38;5;0m[HTTP][0m [37m-->[39m [37mGET[39m [37m/wd/hub/status[39m
[38;5;0m[HTTP][0m [90m{}[39m
[38;5;0m[HTTP][0m [37m<-- GET /wd/hub/status [39m[32m200[39m [90m1 ms - 110[39m
[38;5;0m[HTTP][0m [90m[39m
[38;5;0m[HTTP][0m [37m-->[39m [37mPOST[39m [37m/wd/hub/session[39m
[38;5;0m[HTTP][0m [90m{"desiredCapabilities":{"appium:browserName":"chrome","appium:udid":"RR8N201JL8Z","appium:newCommandTimeout":1800,"appium:goog:chromeOptions":{"args":[],"extensions":[],"w3c":false},"appium:deviceName":"samsung SM-G985F (Android 13)","platformName":"Android","appium:automationName":"uiautomator2","appium:platformVersion":"13"},"capabilities":{"firstMatch":[{"appium:automationName":"uiautomator2","appium:browserName":"chrome","appium:deviceName":"samsung SM-G985F (Android 13)","appium:goog:chromeOptions":{"args":[],"extensions":[],"w3c":false},"appium:newCommandTimeout":1800,"appium:platformVersion":"13","appium:udid":"RR8N201JL8Z","platformName":"android"}]}}[39m
[38;5;32m[BaseDriver][0m The capabilities ["browserName"] are standard capabilities and do not require "appium:" prefix
[35m[Appium][39m Attempting to find matching driver for automationName 'uiautomator2' and platformName 'android'
[35m[Appium][39m The 'uiautomator2' driver was installed and matched caps.
[35m[Appium][39m Will require it at C:\Users\syidi\.appium\node_modules\appium-uiautomator2-driver
[38;5;16m[AppiumDriver@3b05][0m Appium v2.5.1 creating new AndroidUiautomator2Driver (v3.0.0) session
[38;5;16m[AppiumDriver@3b05][0m Checking BaseDriver versions for Appium and AndroidUiautomator2Driver
[38;5;16m[AppiumDriver@3b05][0m Appium's BaseDriver version is 9.5.2
[38;5;16m[AppiumDriver@3b05][0m AndroidUiautomator2Driver's BaseDriver version is 9.5.2
[38;5;48m[AndroidUiautomator2Driver@7001][0m The following provided capabilities were not recognized by this driver:
[38;5;48m[AndroidUiautomator2Driver@7001][0m   goog:chromeOptions
[38;5;48m[AndroidUiautomator2Driver@7001 (e036d30d)][0m Session created with session id: e036d30d-083d-4e38-b058-914974ae858c
[38;5;64m[ADB][0m Using 'adb.exe' from 'C:\Users\syidi\.katalon\tools\android_sdk\platform-tools\adb.exe'
[38;5;48m[AndroidUiautomator2Driver@7001 (e036d30d)][0m Retrieving device list
[38;5;48m[AndroidUiautomator2Driver@7001 (e036d30d)][0m Using device: RR8N201JL8Z
[38;5;64m[ADB][0m Using 'adb.exe' from 'C:\Users\syidi\.katalon\tools\android_sdk\platform-tools\adb.exe'
[38;5;48m[AndroidUiautomator2Driver@7001 (e036d30d)][0m We're going to run a Chrome-based session
[38;5;64m[ADB][0m Getting device platform version
[38;5;48m[AndroidUiautomator2Driver@7001 (e036d30d)][0m Chrome-type package and activity are com.android.chrome and com.android.chrome/com.google.android.apps.chrome.Main
[38;5;48m[AndroidUiautomator2Driver@7001 (e036d30d)][0m Starting 'com.android.chrome' directly on the device
[38;5;48m[AndroidUiautomator2Driver@7001 (e036d30d)][0m Relaxing hidden api policy
[38;5;48m[AndroidUiautomator2Driver@7001 (e036d30d)][0m No app sent in, not parsing package/activity
[38;5;48m[AndroidUiautomator2Driver@7001 (e036d30d)][0m Server packages are not going to be (re)installed
[38;5;64m[ADB][0m Adding packages ["io.appium.settings","io.appium.uiautomator2.server","io.appium.uiautomator2.server.test"] to Doze whitelist
[38;5;48m[AndroidUiautomator2Driver@7001 (e036d30d)][0m Starting UIAutomator2 server 7.0.0
[38;5;48m[AndroidUiautomator2Driver@7001 (e036d30d)][0m Using UIAutomator2 server from 'C:\Users\syidi\.appium\node_modules\appium-uiautomator2-driver\node_modules\appium-uiautomator2-server\apks\appium-uiautomator2-server-v7.0.0.apk' and test from 'C:\Users\syidi\.appium\node_modules\appium-uiautomator2-driver\node_modules\appium-uiautomator2-server\apks\appium-uiautomator2-server-debug-androidTest.apk'
[38;5;48m[AndroidUiautomator2Driver@7001 (e036d30d)][0m Waiting up to 30000ms for UiAutomator2 to be online...
[38;5;48m[AndroidUiautomator2Driver@7001 (e036d30d)][0m socket hang up
[38;5;48m[AndroidUiautomator2Driver@7001 (e036d30d)][0m socket hang up
[38;5;48m[AndroidUiautomator2Driver@7001 (e036d30d)][0m Determined the downstream protocol as 'W3C'
[38;5;48m[AndroidUiautomator2Driver@7001 (e036d30d)][0m Screen already unlocked, doing nothing
[38;5;48m[AndroidUiautomator2Driver@7001 (e036d30d)][0m Starting a chrome-based browser session
[38;5;48m[AndroidUiautomator2Driver@7001 (e036d30d)][0m Merging 'goog:chromeOptions' into 'chromeOptions'. This may cause unexpected behavior
[38;5;48m[AndroidUiautomator2Driver@7001 (e036d30d)][0m Restoring hidden api policy to the device default configuration
[38;5;0m[HTTP][0m [37m<-- POST /wd/hub/session [39m[31m500[39m [90m3977 ms - 862[39m
[38;5;0m[HTTP][0m [90m[39m
